[23:27:38][no_game_date][equipment_graphic_database.cpp:34]: GFX referenced in equipment graphic database does not exist: "GFX_USA_scout_plane1_medium", associated with USA medium_plane_airframe
[23:27:38][no_game_date][equipment_graphic_database.cpp:34]: GFX referenced in equipment graphic database does not exist: "GFX_USA_scout_plane2_medium", associated with USA medium_plane_airframe
[23:27:38][no_game_date][equipment_graphic_database.cpp:34]: GFX referenced in equipment graphic database does not exist: "GFX_JAP_scout_plane1_medium", associated with JAP medium_plane_airframe
[23:27:38][no_game_date][equipment_graphic_database.cpp:34]: GFX referenced in equipment graphic database does not exist: "GFX_JAP_scout_plane2_medium", associated with JAP medium_plane_airframe
[23:27:38][no_game_date][equipment_graphic_database.cpp:34]: GFX referenced in equipment graphic database does not exist: "GFX_ITA_scout_plane1_medium", associated with AST medium_plane_airframe
[23:27:38][no_game_date][equipment_graphic_database.cpp:34]: GFX referenced in equipment graphic database does not exist: "GFX_ITA_scout_plane2_medium", associated with AST medium_plane_airframe
[23:27:38][no_game_date][equipment_graphic_database.cpp:34]: GFX referenced in equipment graphic database does not exist: "GFX_GER_scout_plane1_medium", associated with GER medium_plane_airframe
[23:27:38][no_game_date][equipment_graphic_database.cpp:34]: GFX referenced in equipment graphic database does not exist: "GFX_GER_scout_plane2_medium", associated with GER medium_plane_airframe
[23:27:38][no_game_date][equipment_graphic_database.cpp:34]: GFX referenced in equipment graphic database does not exist: "GFX_GER_amphibious_tank_2_medium", associated with GER amphibious_tank_chassis
[23:27:38][no_game_date][equipment_graphic_database.cpp:34]: GFX referenced in equipment graphic database does not exist: "GFX_GER_amphibious_tank_medium", associated with GER amphibious_tank_chassis
[23:27:38][no_game_date][equipment_graphic_database.cpp:57]: Entity referenced in equipment graphic database does not exist: "GER_amphibious_armor_entity", associated with GER amphibious_tank_chassis
[23:27:38][no_game_date][equipment_graphic_database.cpp:34]: GFX referenced in equipment graphic database does not exist: "GFX_GER_scout_plane2_medium", associated with GER medium_plane_scout_plane_airframe
[23:27:38][no_game_date][equipment_graphic_database.cpp:34]: GFX referenced in equipment graphic database does not exist: "GFX_ENG_scout_plane1_medium", associated with ENG medium_plane_airframe
[23:27:38][no_game_date][equipment_graphic_database.cpp:34]: GFX referenced in equipment graphic database does not exist: "GFX_ENG_scout_plane2_medium", associated with ENG medium_plane_airframe
[23:27:38][no_game_date][equipment_graphic_database.cpp:34]: GFX referenced in equipment graphic database does not exist: "GFX_ENG_scout_plane1_medium", associated with ENG medium_plane_scout_plane_airframe_1
[23:27:38][no_game_date][equipment_graphic_database.cpp:34]: GFX referenced in equipment graphic database does not exist: "GFX_ENG_scout_plane2_medium", associated with ENG medium_plane_scout_plane_airframe_2
[23:27:38][no_game_date][equipment_graphic_database.cpp:34]: GFX referenced in equipment graphic database does not exist: "GFX_ENG_scout_plane2_medium", associated with ENG medium_plane_scout_plane_airframe_3
[23:27:38][no_game_date][equipment_graphic_database.cpp:34]: GFX referenced in equipment graphic database does not exist: "GFX_SOV_scout_plane1_medium", associated with SOV medium_plane_airframe
[23:27:38][no_game_date][equipment_graphic_database.cpp:34]: GFX referenced in equipment graphic database does not exist: "GFX_SOV_scout_plane2_medium", associated with SOV medium_plane_airframe
[23:27:38][no_game_date][equipment_graphic_database.cpp:57]: Entity referenced in equipment graphic database does not exist: "SOV_modern_armor_entity", associated with SOV modern_tank_chassis
[23:27:38][no_game_date][equipment_graphic_database.cpp:57]: Entity referenced in equipment graphic database does not exist: "SOV_super_heavy_armor_entity", associated with SOV super_heavy_tank_chassis
[23:27:38][no_game_date][equipment_graphic_database.cpp:34]: GFX referenced in equipment graphic database does not exist: "GFX_SOV_amphibious_tank_2_medium", associated with SOV amphibious_tank_chassis
[23:27:38][no_game_date][equipment_graphic_database.cpp:34]: GFX referenced in equipment graphic database does not exist: "GFX_SOV_amphibious_tank_medium", associated with SOV amphibious_tank_chassis
[23:27:38][no_game_date][equipment_graphic_database.cpp:57]: Entity referenced in equipment graphic database does not exist: "SOV_amphibious_armor_entity", associated with SOV amphibious_tank_chassis
[23:27:38][no_game_date][equipment_graphic_database.cpp:34]: GFX referenced in equipment graphic database does not exist: "GFX_FRA_scout_plane1_medium", associated with FRA medium_plane_airframe
[23:27:38][no_game_date][equipment_graphic_database.cpp:34]: GFX referenced in equipment graphic database does not exist: "GFX_FRA_scout_plane2_medium", associated with FRA medium_plane_airframe
[23:27:38][no_game_date][equipment_graphic_database.cpp:57]: Entity referenced in equipment graphic database does not exist: "FRA_light_armor_2_entity", associated with FRA light_tank_chassis_3
[23:27:43][no_game_date][triggerimplementation.cpp:9350]: common/scripted_effects/BLT_scripted_effects.txt:77: has_game_rule: game rule LIT_ai_behavior does not exist
[23:27:43][no_game_date][triggerimplementation.cpp:9350]: common/scripted_effects/BLT_scripted_effects.txt:83: has_game_rule: game rule LIT_ai_behavior does not exist
[23:27:43][no_game_date][triggerimplementation.cpp:9350]: common/scripted_effects/BLT_scripted_effects.txt:213: has_game_rule: game rule EST_ai_behavior does not exist
[23:27:43][no_game_date][triggerimplementation.cpp:9350]: common/scripted_effects/BLT_scripted_effects.txt:219: has_game_rule: game rule EST_ai_behavior does not exist
[23:27:48][1941.05.10.16][lexer.cpp:176]: Creation of dynamic token "622.state_political_support_value" failed, keywords may not start with a digit or '-'.
[23:27:48][1941.05.10.16][lexer.cpp:176]: Creation of dynamic token "622.state_political_support_value" failed, keywords may not start with a digit or '-'.
[23:27:50][1941.05.10.16][lexer.cpp:176]: Creation of dynamic token "622.state_political_support_value" failed, keywords may not start with a digit or '-'.
[23:27:50][1941.05.10.16][lexer.cpp:176]: Creation of dynamic token "622.state_political_support_value" failed, keywords may not start with a digit or '-'.
[23:28:38][1941.05.10.16][texturehandler.cpp:160]: Texture Handler encountered missing texture file: gfx/interface/technologies/sov_amphibious_tank_1.dds
[23:28:38][1941.05.10.16][texturehandler.cpp:216]: Couldn't find texture file: 'gfx/interface/technologies/sov_amphibious_tank_1.dds'
[23:33:22][1941.05.10.17][lexer.cpp:176]: Creation of dynamic token "622.state_political_support_value" failed, keywords may not start with a digit or '-'.
[23:33:22][1941.05.10.20][lexer.cpp:176]: Creation of dynamic token "622.state_political_support_value" failed, keywords may not start with a digit or '-'.
[23:33:22][1941.05.10.20][lexer.cpp:176]: Creation of dynamic token "602.state_political_support_value" failed, keywords may not start with a digit or '-'.
[23:33:23][1941.05.11.21][lexer.cpp:176]: Creation of dynamic token "622.state_political_support_value" failed, keywords may not start with a digit or '-'.
[23:33:23][1941.05.11.21][lexer.cpp:176]: Creation of dynamic token "602.state_political_support_value" failed, keywords may not start with a digit or '-'.
[23:33:46][1941.05.16.01][effectimplementation.cpp:1218]: remove_country_leader_trait - Country leader does not have trait 'Imperial Sanction': common/national_focus/japan.txt:3416: remove_country_leader_trait
[23:51:50][1941.05.29.01][graphics.cpp:1291]: No font with name 
[23:53:13][1941.06.01.01][lexer.cpp:176]: Creation of dynamic token "622.state_political_support_value" failed, keywords may not start with a digit or '-'.
[23:53:13][1941.06.01.01][lexer.cpp:176]: Creation of dynamic token "602.state_political_support_value" failed, keywords may not start with a digit or '-'.
[23:53:13][1941.06.01.17][lexer.cpp:176]: Creation of dynamic token "622.state_political_support_value" failed, keywords may not start with a digit or '-'.
[23:53:13][1941.06.01.17][lexer.cpp:176]: Creation of dynamic token "602.state_political_support_value" failed, keywords may not start with a digit or '-'.
[23:53:14][1941.06.02.18][lexer.cpp:176]: Creation of dynamic token "622.state_political_support_value" failed, keywords may not start with a digit or '-'.
[23:53:14][1941.06.02.18][lexer.cpp:176]: Creation of dynamic token "602.state_political_support_value" failed, keywords may not start with a digit or '-'.
[23:57:31][1941.06.05.14][graphics.cpp:1374]: Failed to create gui object. Could not find sprite type [GFX_idea_HOL_wilhelmina]
[23:58:22][1941.06.14.02][lexer.cpp:176]: Creation of dynamic token "602.state_political_support_value" failed, keywords may not start with a digit or '-'.
[23:58:22][1941.06.14.02][lexer.cpp:176]: Creation of dynamic token "622.state_political_support_value" failed, keywords may not start with a digit or '-'.
[00:00:55][1941.06.27.01][graphics.cpp:1291]: No font with name 
[00:00:59][1941.07.01.01][graphics.cpp:1291]: No font with name 
[00:00:59][1941.07.01.01][lexer.cpp:176]: Creation of dynamic token "602.state_political_support_value" failed, keywords may not start with a digit or '-'.
[00:00:59][1941.07.01.01][lexer.cpp:176]: Creation of dynamic token "622.state_political_support_value" failed, keywords may not start with a digit or '-'.
[00:00:59][1941.07.01.02][lexer.cpp:176]: Creation of dynamic token "602.state_political_support_value" failed, keywords may not start with a digit or '-'.
[00:00:59][1941.07.01.02][lexer.cpp:176]: Creation of dynamic token "622.state_political_support_value" failed, keywords may not start with a digit or '-'.
[00:01:00][1941.07.01.22][lexer.cpp:176]: Creation of dynamic token "602.state_political_support_value" failed, keywords may not start with a digit or '-'.
[00:01:00][1941.07.01.22][lexer.cpp:176]: Creation of dynamic token "622.state_political_support_value" failed, keywords may not start with a digit or '-'.
[00:01:01][1941.07.02.23][lexer.cpp:176]: Creation of dynamic token "602.state_political_support_value" failed, keywords may not start with a digit or '-'.
[00:01:01][1941.07.02.23][lexer.cpp:176]: Creation of dynamic token "622.state_political_support_value" failed, keywords may not start with a digit or '-'.
[00:01:01][1941.07.03.01][graphics.cpp:1291]: No font with name 
[00:01:11][1941.07.04.09][lexer.cpp:176]: Creation of dynamic token "602.state_political_support_value" failed, keywords may not start with a digit or '-'.
[00:01:11][1941.07.04.09][lexer.cpp:176]: Creation of dynamic token "602.state_political_support_value" failed, keywords may not start with a digit or '-'.
[00:02:01][1941.07.10.05][lexer.cpp:176]: Creation of dynamic token "602.state_political_support_value" failed, keywords may not start with a digit or '-'.
[00:02:02][1941.07.10.06][lexer.cpp:176]: Creation of dynamic token "595.state_political_support_value" failed, keywords may not start with a digit or '-'.
[00:02:18][1941.07.22.02][lexer.cpp:176]: Creation of dynamic token "595.state_political_support_value" failed, keywords may not start with a digit or '-'.
[00:02:19][1941.07.23.01][effectimplementation.cpp:11005]: Song doesnt exist: no_invincible_armies
